# JRE version: Java(TM) SE Runtime Environment (9.0+11) (build 9.0.1+11)
# Java VM: Java HotSpot(TM) 64-Bit Server VM (9.0.1+11, mixed mode, tiered, compressed oops, g1 gc, windows-amd64)
Heap:
 garbage-first heap   total 131072K, used 85088K [0x0000000081a00000, 0x0000000081b00400, 0x0000000100000000)
  region size 1024K, 38 young (38912K), 3 survivors (3072K)
 Metaspace       used 63491K, capacity 68668K, committed 68864K, reserved 1107968K
  class space    used 8574K, capacity 9447K, committed 9472K, reserved 1048576K
GC Heap History (10 events):
Event: 1015.735 GC heap before
{Heap before GC invocations=26 (full 0):
 garbage-first heap   total 131072K, used 109456K [0x0000000081a00000, 0x0000000081b00400, 0x0000000100000000)
  region size 1024K, 62 young (63488K), 5 survivors (5120K)
 Metaspace       used 63288K, capacity 68294K, committed 68608K, reserved 1107968K
  class space    used 8540K, capacity 9402K, committed 9472K, reserved 1048576K
}
Event: 1015.740 GC heap after
{Heap after GC invocations=27 (full 0):
 garbage-first heap   total 131072K, used 49726K [0x0000000081a00000, 0x0000000081b00400, 0x0000000100000000)
  region size 1024K, 3 young (3072K), 3 survivors (3072K)
 Metaspace       used 63288K, capacity 68294K, committed 68608K, reserved 1107968K
  class space    used 8540K, capacity 9402K, committed 9472K, reserved 1048576K
}
Event: 1369.717 GC heap before
{Heap before GC invocations=27 (full 0):
 garbage-first heap   total 131072K, used 109118K [0x0000000081a00000, 0x0000000081b00400, 0x0000000100000000)
  region size 1024K, 61 young (62464K), 3 survivors (3072K)
 Metaspace       used 63298K, capacity 68296K, committed 68608K, reserved 1107968K
  class space    used 8541K, capacity 9403K, committed 9472K, reserved 1048576K
}
Event: 1369.721 GC heap after
{Heap after GC invocations=28 (full 0):
 garbage-first heap   total 131072K, used 49384K [0x0000000081a00000, 0x0000000081b00400, 0x0000000100000000)
  region size 1024K, 3 young (3072K), 3 survivors (3072K)
 Metaspace       used 63298K, capacity 68296K, committed 68608K, reserved 1107968K
  class space    used 8541K, capacity 9403K, committed 9472K, reserved 1048576K
}
Event: 2853.596 GC heap before
{Heap before GC invocations=28 (full 0):
 garbage-first heap   total 131072K, used 109800K [0x0000000081a00000, 0x0000000081b00400, 0x0000000100000000)
  region size 1024K, 62 young (63488K), 3 survivors (3072K)
 Metaspace       used 63369K, capacity 68360K, committed 68608K, reserved 1107968K
  class space    used 8550K, capacity 9417K, committed 9472K, reserved 1048576K
}
Event: 2853.600 GC heap after
{Heap after GC invocations=29 (full 0):
 garbage-first heap   total 131072K, used 50055K [0x0000000081a00000, 0x0000000081b00400, 0x0000000100000000)
  region size 1024K, 3 young (3072K), 3 survivors (3072K)
 Metaspace       used 63369K, capacity 68360K, committed 68608K, reserved 1107968K
  class space    used 8550K, capacity 9417K, committed 9472K, reserved 1048576K
}
Event: 4495.308 GC heap before
{Heap before GC invocations=29 (full 0):
 garbage-first heap   total 131072K, used 111495K [0x0000000081a00000, 0x0000000081b00400, 0x0000000100000000)
  region size 1024K, 63 young (64512K), 3 survivors (3072K)
 Metaspace       used 63490K, capacity 68668K, committed 68864K, reserved 1107968K
  class space    used 8574K, capacity 9447K, committed 9472K, reserved 1048576K
}
Event: 4495.312 GC heap after
{Heap after GC invocations=30 (full 0):
 garbage-first heap   total 131072K, used 50114K [0x0000000081a00000, 0x0000000081b00400, 0x0000000100000000)
  region size 1024K, 3 young (3072K), 3 survivors (3072K)
 Metaspace       used 63490K, capacity 68668K, committed 68864K, reserved 1107968K
  class space    used 8574K, capacity 9447K, committed 9472K, reserved 1048576K
}
Event: 17825.273 GC heap before
{Heap before GC invocations=30 (full 0):
 garbage-first heap   total 131072K, used 111554K [0x0000000081a00000, 0x0000000081b00400, 0x0000000100000000)
  region size 1024K, 63 young (64512K), 3 survivors (3072K)
 Metaspace       used 63491K, capacity 68668K, committed 68864K, reserved 1107968K
  class space    used 8574K, capacity 9447K, committed 9472K, reserved 1048576K
}
Event: 17825.277 GC heap after
{Heap after GC invocations=31 (full 0):
 garbage-first heap   total 131072K, used 50272K [0x0000000081a00000, 0x0000000081b00400, 0x0000000100000000)
  region size 1024K, 3 young (3072K), 3 survivors (3072K)
 Metaspace       used 63491K, capacity 68668K, committed 68864K, reserved 1107968K
  class space    used 8574K, capacity 9447K, committed 9472K, reserved 1048576K
}

